\BOOKMARK [1][-]{section*.1}{\376\377\000A\000b\000s\000t\000r\000a\000c\000t}{}% 1
\BOOKMARK [1][-]{section*.2}{\376\377\000W\000o\000r\000d\000-\000R\000e\000f\000e\000r\000e\000n\000t\000\040\000I\000d\000e\000n\000t\000i\000f\000i\000c\000a\000t\000i\000o\000n\000\040\000U\000n\000d\000e\000r\000\040\000M\000u\000l\000t\000i\000m\000o\000d\000a\000l\000\040\000U\000n\000c\000e\000r\000t\000a\000i\000n\000t\000y}{}% 2
\BOOKMARK [1][-]{section*.3}{\376\377\000P\000a\000r\000a\000d\000i\000g\000m\000\040\000a\000n\000d\000\040\000M\000o\000d\000e\000l\000s}{}% 3
\BOOKMARK [2][-]{section*.4}{\376\377\000T\000h\000e\000\040\000A\000u\000d\000i\000o\000-\000V\000i\000s\000u\000a\000l\000\040\000W\000o\000r\000d\000\040\000R\000e\000c\000o\000g\000n\000i\000t\000i\000o\000n\000\040\000T\000a\000s\000k}{section*.3}% 4
\BOOKMARK [2][-]{section*.6}{\376\377\000O\000p\000t\000i\000m\000a\000l\000\040\000M\000o\000d\000e\000l}{section*.3}% 5
\BOOKMARK [3][-]{section*.7}{\376\377\000C\000a\000t\000e\000g\000o\000r\000i\000c\000a\000l\000\040\000v\000a\000r\000i\000a\000b\000i\000l\000i\000t\000y}{section*.6}% 6
\BOOKMARK [3][-]{section*.9}{\376\377\000S\000e\000n\000s\000o\000r\000y\000\040\000v\000a\000r\000i\000a\000b\000i\000l\000i\000t\000y}{section*.6}% 7
\BOOKMARK [3][-]{section*.10}{\376\377\000O\000p\000t\000i\000m\000a\000l\000\040\000c\000u\000e\000\040\000c\000o\000m\000b\000i\000n\000a\000t\000i\000o\000n}{section*.6}% 8
\BOOKMARK [3][-]{section*.11}{\376\377\000A\000u\000d\000i\000t\000o\000r\000y\000\040\000a\000n\000d\000\040\000V\000i\000s\000u\000a\000l\000\040\000b\000a\000s\000e\000l\000i\000n\000e\000s}{section*.6}% 9
\BOOKMARK [2][-]{section*.12}{\376\377\000D\000e\000s\000c\000r\000i\000p\000t\000i\000v\000e\000\040\000m\000o\000d\000e\000l\000\040\000a\000n\000d\000\040\000a\000n\000a\000l\000y\000s\000i\000s\000\040\000o\000f\000\040\000s\000u\000b\000-\000o\000p\000t\000i\000m\000a\000l\000i\000t\000y}{section*.3}% 10
\BOOKMARK [1][-]{section*.14}{\376\377\000E\000x\000p\000e\000r\000i\000m\000e\000n\000t\000\040\0001}{}% 11
\BOOKMARK [2][-]{section*.15}{\376\377\000M\000e\000t\000h\000o\000d\000s}{section*.14}% 12
\BOOKMARK [3][-]{section*.16}{\376\377\000P\000a\000r\000t\000i\000c\000i\000p\000a\000n\000t\000s}{section*.15}% 13
\BOOKMARK [3][-]{section*.17}{\376\377\000S\000t\000i\000m\000u\000l\000i}{section*.15}% 14
\BOOKMARK [3][-]{section*.18}{\376\377\000D\000e\000s\000i\000g\000n\000\040\000a\000n\000d\000\040\000P\000r\000o\000c\000e\000d\000u\000r\000e}{section*.15}% 15
\BOOKMARK [3][-]{section*.19}{\376\377\000M\000o\000d\000e\000l\000\040\000f\000i\000t\000t\000i\000n\000g\000\040\000d\000e\000t\000a\000i\000l\000s}{section*.15}% 16
\BOOKMARK [2][-]{section*.22}{\376\377\000R\000e\000s\000u\000l\000t\000s\000\040\000a\000n\000d\000\040\000a\000n\000a\000l\000y\000s\000i\000s}{section*.14}% 17
\BOOKMARK [3][-]{section*.23}{\376\377\000U\000n\000i\000m\000o\000d\000a\000l\000\040\000c\000o\000n\000d\000i\000t\000i\000o\000n\000s}{section*.22}% 18
\BOOKMARK [3][-]{section*.25}{\376\377\000B\000i\000m\000o\000d\000a\000l\000\040\000c\000o\000n\000d\000i\000t\000i\000o\000n}{section*.22}% 19
\BOOKMARK [2][-]{section*.30}{\376\377\000D\000i\000s\000c\000u\000s\000s\000i\000o\000n}{section*.14}% 20
\BOOKMARK [1][-]{section*.32}{\376\377\000E\000x\000p\000e\000r\000i\000m\000e\000n\000t\000\040\0002}{}% 21
\BOOKMARK [2][-]{section*.33}{\376\377\000M\000e\000t\000h\000o\000d\000s}{section*.32}% 22
\BOOKMARK [3][-]{section*.34}{\376\377\000P\000a\000r\000t\000i\000c\000i\000p\000a\000n\000t\000s}{section*.33}% 23
\BOOKMARK [3][-]{section*.35}{\376\377\000S\000t\000i\000m\000u\000l\000i\000\040\000a\000n\000d\000\040\000P\000r\000o\000c\000e\000d\000u\000r\000e}{section*.33}% 24
\BOOKMARK [2][-]{section*.36}{\376\377\000R\000e\000s\000u\000l\000t\000s\000\040\000a\000n\000d\000\040\000a\000n\000a\000l\000y\000s\000i\000s}{section*.32}% 25
\BOOKMARK [3][-]{section*.37}{\376\377\000U\000n\000i\000m\000o\000d\000a\000l\000\040\000c\000o\000n\000d\000i\000t\000i\000o\000n\000s}{section*.36}% 26
\BOOKMARK [3]